0 info it worked if it ends with ok
1 verbose cli [ '/usr/local/bin/node', '/usr/local/bin/npm', 'publish' ]
2 info using npm@3.10.10
3 info using node@v6.10.3
4 verbose publish [ '.' ]
5 silly cache add args [ '.', null ]
6 verbose cache add spec .
7 silly cache add parsed spec Result {
7 silly cache add   raw: '.',
7 silly cache add   scope: null,
7 silly cache add   escapedName: null,
7 silly cache add   name: null,
7 silly cache add   rawSpec: '.',
7 silly cache add   spec: '/Users/abshahin/dev/vault-auth-aws',
7 silly cache add   type: 'directory' }
8 verbose addLocalDirectory /Users/abshahin/.npm/vault-auth-aws/0.1.2/package.tgz not in flight; packing
9 verbose correctMkdir /Users/abshahin/.npm correctMkdir not in flight; initializing
10 info lifecycle vault-auth-aws@0.1.2~prepublish: vault-auth-aws@0.1.2
11 silly lifecycle vault-auth-aws@0.1.2~prepublish: no script for prepublish, continuing
12 verbose tar pack [ '/Users/abshahin/.npm/vault-auth-aws/0.1.2/package.tgz',
12 verbose tar pack   '/Users/abshahin/dev/vault-auth-aws' ]
13 verbose tarball /Users/abshahin/.npm/vault-auth-aws/0.1.2/package.tgz
14 verbose folder /Users/abshahin/dev/vault-auth-aws
15 verbose addLocalTarball adding from inside cache /Users/abshahin/.npm/vault-auth-aws/0.1.2/package.tgz
16 verbose correctMkdir /Users/abshahin/.npm correctMkdir not in flight; initializing
17 silly cache afterAdd vault-auth-aws@0.1.2
18 verbose afterAdd /Users/abshahin/.npm/vault-auth-aws/0.1.2/package/package.json not in flight; writing
19 verbose correctMkdir /Users/abshahin/.npm correctMkdir not in flight; initializing
20 verbose afterAdd /Users/abshahin/.npm/vault-auth-aws/0.1.2/package/package.json written
21 silly publish { name: 'vault-auth-aws',
21 silly publish   version: '0.1.2',
21 silly publish   description: 'js module that get token from vault HashiCorp server by using AWS STS ',
21 silly publish   main: 'index.js',
21 silly publish   bugs: { url: 'https://github.com/abdullahshahin/vault-auth-aws/issues' },
21 silly publish   repository:
21 silly publish    { type: 'git',
21 silly publish      url: 'git+https://github.com/abdullahshahin/vault-auth-aws.git' },
21 silly publish   directories: { test: 'test' },
21 silly publish   dependencies: { aws4: '^1.6.0', request: '^2.81.0', validator: '^8.1.0' },
21 silly publish   devDependencies:
21 silly publish    { del: '^3.0.0',
21 silly publish      'eslint-html-reporter': '^0.5.2',
21 silly publish      gulp: '^3.9.1',
21 silly publish      'gulp-eslint': '^4.0.0',
21 silly publish      'gulp-istanbul': '^1.1.2',
21 silly publish      'gulp-jasmine': '^2.4.2' },
21 silly publish   scripts: { test: 'gulp' },
21 silly publish   keywords: [ 'vault', 'hashicorp', 'token', 'aws', 'lambda', 'sts' ],
21 silly publish   author: { name: 'Abdullah Shahin', email: 'eng.abd.shahin@gmail.com' },
21 silly publish   license: 'ISC',
21 silly publish   readme: '# vault-auth-aws\na module for authenticate against Vault server by HashiCorp when running as AWS service such as Lambda using aws STS, Vault needs to be already configured to accept login attempts using this method.\n\n### install \nnpm install vault-auth-aws\n\n### Login\n\nconst vaultAuthClient = require(\'vault-auth-aws\');\nlet vaultClient = new vaultAwsAuth({host: \'vault.example.com\'});\nvaultClient.authenticate()\n        .then((sucess) => {\n            // code here\n        })\n        .catch((fail) => {\n            // error here\n        });',
21 silly publish   readmeFilename: 'README.md',
21 silly publish   gitHead: '7633f47dffff3a5eda6a98191f5760a4fb666f08',
21 silly publish   homepage: 'https://github.com/abdullahshahin/vault-auth-aws#readme',
21 silly publish   _id: 'vault-auth-aws@0.1.2',
21 silly publish   _shasum: 'dbb14a6a788376d4108e20a6efeebba2d7b6eb4b',
21 silly publish   _from: '.' }
22 verbose getPublishConfig undefined
23 silly mapToRegistry name vault-auth-aws
24 silly mapToRegistry using default registry
25 silly mapToRegistry registry https://registry.npmjs.org/
26 silly mapToRegistry data Result {
26 silly mapToRegistry   raw: 'vault-auth-aws',
26 silly mapToRegistry   scope: null,
26 silly mapToRegistry   escapedName: 'vault-auth-aws',
26 silly mapToRegistry   name: 'vault-auth-aws',
26 silly mapToRegistry   rawSpec: '',
26 silly mapToRegistry   spec: 'latest',
26 silly mapToRegistry   type: 'tag' }
27 silly mapToRegistry uri https://registry.npmjs.org/vault-auth-aws
28 verbose publish registryBase https://registry.npmjs.org/
29 silly publish uploading /Users/abshahin/.npm/vault-auth-aws/0.1.2/package.tgz
30 verbose request uri https://registry.npmjs.org/vault-auth-aws
31 verbose request sending authorization for write operation
32 info attempt registry request try #1 at 4:10:23 AM
33 verbose request using bearer token for auth
34 verbose request id 90606a96d3e1e517
35 http request PUT https://registry.npmjs.org/vault-auth-aws
36 http 403 https://registry.npmjs.org/vault-auth-aws
37 verbose headers { 'content-type': 'application/json',
37 verbose headers   'cache-control': 'max-age=300',
37 verbose headers   'content-length': '91',
37 verbose headers   'accept-ranges': 'bytes',
37 verbose headers   date: 'Mon, 04 Sep 2017 01:10:22 GMT',
37 verbose headers   via: '1.1 varnish',
37 verbose headers   connection: 'keep-alive',
37 verbose headers   'x-served-by': 'cache-sjc3150-SJC',
37 verbose headers   'x-cache': 'MISS',
37 verbose headers   'x-cache-hits': '0',
37 verbose headers   'x-timer': 'S1504487422.372246,VS0,VE494',
37 verbose headers   vary: 'Accept-Encoding, Accept' }
38 verbose request invalidating /Users/abshahin/.npm/registry.npmjs.org/vault-auth-aws on PUT
39 error publish Failed PUT 403
40 verbose stack Error: You cannot publish over the previously published version 0.1.2. : vault-auth-aws
40 verbose stack     at makeError (/usr/local/lib/node_modules/npm/node_modules/npm-registry-client/lib/request.js:302:12)
40 verbose stack     at CachingRegistryClient.<anonymous> (/usr/local/lib/node_modules/npm/node_modules/npm-registry-client/lib/request.js:290:14)
40 verbose stack     at Request._callback (/usr/local/lib/node_modules/npm/node_modules/npm-registry-client/lib/request.js:210:14)
40 verbose stack     at Request.self.callback (/usr/local/lib/node_modules/npm/node_modules/request/request.js:187:22)
40 verbose stack     at emitTwo (events.js:106:13)
40 verbose stack     at Request.emit (events.js:191:7)
40 verbose stack     at Request.<anonymous> (/usr/local/lib/node_modules/npm/node_modules/request/request.js:1048:10)
40 verbose stack     at emitOne (events.js:96:13)
40 verbose stack     at Request.emit (events.js:188:7)
40 verbose stack     at IncomingMessage.<anonymous> (/usr/local/lib/node_modules/npm/node_modules/request/request.js:969:12)
41 verbose statusCode 403
42 verbose pkgid vault-auth-aws
43 verbose cwd /Users/abshahin/dev/vault-auth-aws
44 error Darwin 16.6.0
45 error argv "/usr/local/bin/node" "/usr/local/bin/npm" "publish"
46 error node v6.10.3
47 error npm  v3.10.10
48 error code E403
49 error You cannot publish over the previously published version 0.1.2. : vault-auth-aws
50 error If you need help, you may report this error at:
50 error     <https://github.com/npm/npm/issues>
51 verbose exit [ 1, true ]
